#-----------------------------------------------------------
# Vivado v2020.2 (64-bit)
# SW Build 3064766 on Wed Nov 18 09:12:45 MST 2020
# IP Build 3064653 on Wed Nov 18 14:17:31 MST 2020
# Start of session at: Tue Mar  7 11:32:48 2023
# Process ID: 8644
# Current directory: P:/Digitalni-elektronika/digital-elektronic-1/05-ffs/flip_flops
# Command line: vivado.exe -gui_launcher_event rodinguilauncherevent3752 P:\Digitalni-elektronika\digital-elektronic-1\05-ffs\flip_flops\flip_flops.xpr
# Log file: P:/Digitalni-elektronika/digital-elektronic-1/05-ffs/flip_flops/vivado.log
# Journal file: P:/Digitalni-elektronika/digital-elektronic-1/05-ffs/flip_flops\vivado.jou
#-----------------------------------------------------------
start_gui
open_project P:/Digitalni-elektronika/digital-elektronic-1/05-ffs/flip_flops/flip_flops.xpr
WARNING: [filemgmt 56-3] Default IP Output Path : Could not find the directory 'P:/Digitalni-elektronika/digital-elektronic-1/05-ffs/flip_flops/flip_flops.gen/sources_1'.
Scanning sources...
Finished scanning sources
INFO: [IP_Flow 19-234] Refreshing IP repositories
INFO: [IP_Flow 19-1704] No user IP repositories specified
INFO: [IP_Flow 19-2313] Loaded Vivado IP repository 'C:/appz/Xilinx/Vivado/2020.2/data/ip'.
open_project: Time (s): cpu = 00:00:21 ; elapsed = 00:00:07 . Memory (MB): peak = 999.941 ; gain = 0.000
update_compile_order -fileset sources_1
exit
INFO: [Common 17-206] Exiting Vivado at Tue Mar  7 11:33:23 2023...
