#-----------------------------------------------------------
# Vivado v2020.2 (64-bit)
# SW Build 3064766 on Wed Nov 18 09:12:45 MST 2020
# IP Build 3064653 on Wed Nov 18 14:17:31 MST 2020
# Start of session at: Tue Feb 21 12:41:42 2023
# Process ID: 9796
# Current directory: P:/Digitalni-elektronika/digital-elektronic-1/03-vivado/comparator
# Command line: vivado.exe -gui_launcher_event rodinguilauncherevent10724 P:\Digitalni-elektronika\digital-elektronic-1\03-vivado\comparator\comparator.xpr
# Log file: P:/Digitalni-elektronika/digital-elektronic-1/03-vivado/comparator/vivado.log
# Journal file: P:/Digitalni-elektronika/digital-elektronic-1/03-vivado/comparator\vivado.jou
#----------------------------------------------------------ststart_guopopen_project P:/Digitalni-elektronika/digital-elektronic-1/03-vivado/comparator/comparator.xpr
INFO: [Common 17-41] Interrupt caught. Command should exit soon.
INFO: [Common 17-344] 'open_project' was cancelled
exit
INFO: [Common 17-206] Exiting Vivado at Tue Feb 21 12:42:17 2023...
..
Finished scanning sources
INFO: [IP_Flow 19-234] Refreshing IP repositories
INFO: [IP_Flow 19-1704] No user IP repositories specified
INFO: [IP_Flow 19-2313] Loaded Vivado IP repository 'C:/appz/Xilinx/Vivado/2020.2/data/ip'.
open_project: Time (s): cpu = 00:00:32 ; elapsed = 00:00:18 . Memory (MB): peak = 999.730 ; gain = 0.000
exit
INFO: [Common 17-206] Exiting Vivado at Tue Feb 21 12:42:32 2023...
.
INFO: [IP_Flow 19-2340] The IP catalog has been returned to its previous state.
INFO: [Common 17-344] 'open_project' was cancelled
exit
INFO: [Common 17-206] Exiting Vivado at Tue Feb 21 12:42:23 2023...
